# JRE version: Java(TM) SE Runtime Environment (7.0_65-b19) (build 1.7.0_65-b19)
# Java VM: Java HotSpot(TM) Client VM (24.65-b04 mixed mode windows-x86 )
Heap
 def new generation   total 4928K, used 4800K [0x10200000, 0x10750000, 0x15750000)
  eden space 4416K, 100% used [0x10200000, 0x10650000, 0x10650000)
  from space 512K,  75% used [0x10650000, 0x106b0130, 0x106d0000)
  to   space 512K,   0% used [0x106d0000, 0x106d0268, 0x10750000)
 tenured generation   total 10944K, used 3121K [0x15750000, 0x16200000, 0x20200000)
   the space 10944K,  28% used [0x15750000, 0x15a5c6d8, 0x15a5c800, 0x16200000)
 compacting perm gen  total 12288K, used 2842K [0x20200000, 0x20e00000, 0x24200000)
   the space 12288K,  23% used [0x20200000, 0x204c6b20, 0x204c6c00, 0x20e00000)
GC Heap History (10 events):
Event: 84.207 GC heap after
Heap after GC invocations=36 (full 0):
 def new generation   total 4928K, used 281K [0x10200000, 0x10750000, 0x15750000)
  eden space 4416K,   0% used [0x10200000, 0x10200000, 0x10650000)
  from space 512K,  55% used [0x10650000, 0x10696778, 0x106d0000)
  to   space 512K,   0% used [0x106d0000, 0x106d0000, 0x10750000)
 tenured generation   total 10944K, used 2465K [0x15750000, 0x16200000, 0x20200000)
   the space 10944K,  22% used [0x15750000, 0x159b8498, 0x159b8600, 0x16200000)
 compacting perm gen  total 12288K, used 2466K [0x20200000, 0x20e00000, 0x24200000)
   the space 12288K,  20% used [0x20200000, 0x20468b58, 0x20468c00, 0x20e00000)
No shared spaces configured.
}
Event: 84.252 GC heap before
{Heap before GC invocations=36 (full 0):
 def new generation   total 4928K, used 4697K [0x10200000, 0x10750000, 0x15750000)
  eden space 4416K, 100% used [0x10200000, 0x10650000, 0x10650000)
  from space 512K,  55% used [0x10650000, 0x10696778, 0x106d0000)
  to   space 512K,   0% used [0x106d0000, 0x106d0000, 0x10750000)
 tenured generation   total 10944K, used 2465K [0x15750000, 0x16200000, 0x20200000)
   the space 10944K,  22% used [0x15750000, 0x159b8498, 0x159b8600, 0x16200000)
 compacting perm gen  total 12288K, used 2466K [0x20200000, 0x20e00000, 0x24200000)
   the space 12288K,  20% used [0x20200000, 0x20468b58, 0x20468c00, 0x20e00000)
No shared spaces configured.
Event: 84.254 GC heap after
Heap after GC invocations=37 (full 0):
 def new generation   total 4928K, used 262K [0x10200000, 0x10750000, 0x15750000)
  eden space 4416K,   0% used [0x10200000, 0x10200000, 0x10650000)
  from space 512K,  51% used [0x106d0000, 0x10711b48, 0x10750000)
  to   space 512K,   0% used [0x10650000, 0x10650000, 0x106d0000)
 tenured generation   total 10944K, used 2527K [0x15750000, 0x16200000, 0x20200000)
   the space 10944K,  23% used [0x15750000, 0x159c7f30, 0x159c8000, 0x16200000)
 compacting perm gen  total 12288K, used 2466K [0x20200000, 0x20e00000, 0x24200000)
   the space 12288K,  20% used [0x20200000, 0x20468b58, 0x20468c00, 0x20e00000)
No shared spaces configured.
}
Event: 84.488 GC heap before
{Heap before GC invocations=37 (full 0):
 def new generation   total 4928K, used 4678K [0x10200000, 0x10750000, 0x15750000)
  eden space 4416K, 100% used [0x10200000, 0x10650000, 0x10650000)
  from space 512K,  51% used [0x106d0000, 0x10711b48, 0x10750000)
  to   space 512K,   0% used [0x10650000, 0x10650000, 0x106d0000)
 tenured generation   total 10944K, used 2527K [0x15750000, 0x16200000, 0x20200000)
   the space 10944K,  23% used [0x15750000, 0x159c7f30, 0x159c8000, 0x16200000)
 compacting perm gen  total 12288K, used 2783K [0x20200000, 0x20e00000, 0x24200000)
   the space 12288K,  22% used [0x20200000, 0x204b7f80, 0x204b8000, 0x20e00000)
No shared spaces configured.
Event: 84.491 GC heap after
Heap after GC invocations=38 (full 0):
 def new generation   total 4928K, used 402K [0x10200000, 0x10750000, 0x15750000)
  eden space 4416K,   0% used [0x10200000, 0x10200000, 0x10650000)
  from space 512K,  78% used [0x10650000, 0x106b49b8, 0x106d0000)
  to   space 512K,   0% used [0x106d0000, 0x106d0000, 0x10750000)
 tenured generation   total 10944K, used 2551K [0x15750000, 0x16200000, 0x20200000)
   the space 10944K,  23% used [0x15750000, 0x159cddf8, 0x159cde00, 0x16200000)
 compacting perm gen  total 12288K, used 2783K [0x20200000, 0x20e00000, 0x24200000)
   the space 12288K,  22% used [0x20200000, 0x204b7f80, 0x204b8000, 0x20e00000)
No shared spaces configured.
}
Event: 84.686 GC heap before
{Heap before GC invocations=38 (full 0):
 def new generation   total 4928K, used 4818K [0x10200000, 0x10750000, 0x15750000)
  eden space 4416K, 100% used [0x10200000, 0x10650000, 0x10650000)
  from space 512K,  78% used [0x10650000, 0x106b49b8, 0x106d0000)
  to   space 512K,   0% used [0x106d0000, 0x106d0000, 0x10750000)
 tenured generation   total 10944K, used 2551K [0x15750000, 0x16200000, 0x20200000)
   the space 10944K,  23% used [0x15750000, 0x159cddf8, 0x159cde00, 0x16200000)
 compacting perm gen  total 12288K, used 2789K [0x20200000, 0x20e00000, 0x24200000)
   the space 12288K,  22% used [0x20200000, 0x204b9740, 0x204b9800, 0x20e00000)
No shared spaces configured.
Event: 84.690 GC heap after
Heap after GC invocations=39 (full 0):
 def new generation   total 4928K, used 511K [0x10200000, 0x10750000, 0x15750000)
  eden space 4416K,   0% used [0x10200000, 0x10200000, 0x10650000)
  from space 512K,  99% used [0x106d0000, 0x1074fff8, 0x10750000)
  to   space 512K,   0% used [0x10650000, 0x10650000, 0x106d0000)
 tenured generation   total 10944K, used 2994K [0x15750000, 0x16200000, 0x20200000)
   the space 10944K,  27% used [0x15750000, 0x15a3ca68, 0x15a3cc00, 0x16200000)
 compacting perm gen  total 12288K, used 2789K [0x20200000, 0x20e00000, 0x24200000)
   the space 12288K,  22% used [0x20200000, 0x204b9740, 0x204b9800, 0x20e00000)
No shared spaces configured.
}
Event: 84.941 GC heap before
{Heap before GC invocations=39 (full 0):
 def new generation   total 4928K, used 4927K [0x10200000, 0x10750000, 0x15750000)
  eden space 4416K, 100% used [0x10200000, 0x10650000, 0x10650000)
  from space 512K,  99% used [0x106d0000, 0x1074fff8, 0x10750000)
  to   space 512K,   0% used [0x10650000, 0x10650000, 0x106d0000)
 tenured generation   total 10944K, used 2994K [0x15750000, 0x16200000, 0x20200000)
   the space 10944K,  27% used [0x15750000, 0x15a3ca68, 0x15a3cc00, 0x16200000)
 compacting perm gen  total 12288K, used 2789K [0x20200000, 0x20e00000, 0x24200000)
   the space 12288K,  22% used [0x20200000, 0x204b9740, 0x204b9800, 0x20e00000)
No shared spaces configured.
Event: 84.944 GC heap after
Heap after GC invocations=40 (full 0):
 def new generation   total 4928K, used 384K [0x10200000, 0x10750000, 0x15750000)
  eden space 4416K,   0% used [0x10200000, 0x10200000, 0x10650000)
  from space 512K,  75% used [0x10650000, 0x106b0130, 0x106d0000)
  to   space 512K,   0% used [0x106d0000, 0x106d0000, 0x10750000)
 tenured generation   total 10944K, used 3121K [0x15750000, 0x16200000, 0x20200000)
   the space 10944K,  28% used [0x15750000, 0x15a5c6d8, 0x15a5c800, 0x16200000)
 compacting perm gen  total 12288K, used 2789K [0x20200000, 0x20e00000, 0x24200000)
   the space 12288K,  22% used [0x20200000, 0x204b9740, 0x204b9800, 0x20e00000)
No shared spaces configured.
}
Event: 85.295 GC heap before
{Heap before GC invocations=40 (full 0):
 def new generation   total 4928K, used 4800K [0x10200000, 0x10750000, 0x15750000)
  eden space 4416K, 100% used [0x10200000, 0x10650000, 0x10650000)
  from space 512K,  75% used [0x10650000, 0x106b0130, 0x106d0000)
  to   space 512K,   0% used [0x106d0000, 0x106d0000, 0x10750000)
 tenured generation   total 10944K, used 3121K [0x15750000, 0x16200000, 0x20200000)
   the space 10944K,  28% used [0x15750000, 0x15a5c6d8, 0x15a5c800, 0x16200000)
 compacting perm gen  total 12288K, used 2842K [0x20200000, 0x20e00000, 0x24200000)
   the space 12288K,  23% used [0x20200000, 0x204c6b20, 0x204c6c00, 0x20e00000)
No shared spaces configured.

